<?xml version="1.0" encoding="UTF-8"?>
<testng-results ignored="0" total="3" passed="3" failed="0" skipped="0">
  <reporter-output>
  </reporter-output>
  <suite started-at="2021-11-02T13:46:49 IST" name="Default suite" finished-at="2021-11-02T13:46:49 IST" duration-ms="60">
    <groups>
    </groups>
    <test started-at="2021-11-02T13:46:49 IST" name="Default test" finished-at="2021-11-02T13:46:49 IST" duration-ms="60">
      <class name="testNG.TestCase6">
        <test-method signature="a1()[pri:-3, instance:testNG.TestCase6@4df50bcc]" started-at="2021-11-02T13:46:49 IST" name="a1" finished-at="2021-11-02T13:46:49 IST" duration-ms="13" status="PASS">
          <reporter-output>
          </reporter-output>
        </test-method> <!-- a1 -->
        <test-method signature="b1()[pri:-1, instance:testNG.TestCase6@4df50bcc]" started-at="2021-11-02T13:46:49 IST" name="b1" finished-at="2021-11-02T13:46:49 IST" duration-ms="0" status="PASS">
          <reporter-output>
          </reporter-output>
        </test-method> <!-- b1 -->
        <test-method signature="c1()[pri:6, instance:testNG.TestCase6@4df50bcc]" started-at="2021-11-02T13:46:49 IST" name="c1" finished-at="2021-11-02T13:46:49 IST" duration-ms="1" status="PASS">
          <reporter-output>
          </reporter-output>
        </test-method> <!-- c1 -->
      </class> <!-- testNG.TestCase6 -->
    </test> <!-- Default test -->
  </suite> <!-- Default suite -->
</testng-results>
